Analysis & Synthesis report for mrs
Sat Sep 28 11:14:28 2024
Quartus Prime Version 21.1.0 Build 842 10/21/2021 SJ Lite Edition


---------------------
; Table of Contents ;
---------------------
  1. Legal Notice
  2. Analysis & Synthesis Summary
  3. Analysis & Synthesis Settings
  4. Parallel Compilation
  5. Analysis & Synthesis Source Files Read
  6. Analysis & Synthesis Resource Usage Summary
  7. Analysis & Synthesis Resource Utilization by Entity
  8. User-Specified and Inferred Latches
  9. Registers Removed During Synthesis
 10. General Register Statistics
 11. Inverted Register Statistics
 12. Parameter Settings for User Entity Instance: logic_unit:main_logic|counter:control_counter
 13. Parameter Settings for User Entity Instance: logic_unit:main_logic|register_g:curr_proc_state
 14. Parameter Settings for User Entity Instance: logic_unit:main_logic|register_g:word_size_reg
 15. Parameter Settings for User Entity Instance: logic_unit:main_logic|shift_symbol:shift_word_symbols|register_g:reg_symbols
 16. Parameter Settings for User Entity Instance: logic_unit:main_logic|proc_symbol:main_proc|counter:sec_counter
 17. Port Connectivity Checks: "logic_unit:main_logic|shift_symbol:shift_word_symbols"
 18. Port Connectivity Checks: "logic_unit:main_logic|register_g:curr_proc_state"
 19. Port Connectivity Checks: "logic_unit:main_logic|counter:control_counter"
 20. Post-Synthesis Netlist Statistics for Top Partition
 21. Elapsed Time Per Partition
 22. Analysis & Synthesis Messages



----------------
; Legal Notice ;
----------------
Copyright (C) 2021  Intel Corporation. All rights reserved.
Your use of Intel Corporation's design tools, logic functions 
and other software and tools, and any partner logic 
functions, and any output files from any of the foregoing 
(including device programming or simulation files), and any 
associated documentation or information are expressly subject 
to the terms and conditions of the Intel Program License 
Subscription Agreement, the Intel Quartus Prime License Agreement,
the Intel FPGA IP License Agreement, or other applicable license
agreement, including, without limitation, that your use is for
the sole purpose of programming logic devices manufactured by
Intel and sold by Intel or its authorized distributors.  Please
refer to the applicable agreement for further details, at
https://fpgasoftware.intel.com/eula.



+-------------------------------------------------------------------------------+
; Analysis & Synthesis Summary                                                  ;
+---------------------------------+---------------------------------------------+
; Analysis & Synthesis Status     ; Successful - Sat Sep 28 11:14:28 2024       ;
; Quartus Prime Version           ; 21.1.0 Build 842 10/21/2021 SJ Lite Edition ;
; Revision Name                   ; mrs                                         ;
; Top-level Entity Name           ; morse_fpga                                  ;
; Family                          ; Cyclone V                                   ;
; Logic utilization (in ALMs)     ; N/A                                         ;
; Total registers                 ; 41                                          ;
; Total pins                      ; 7                                           ;
; Total virtual pins              ; 0                                           ;
; Total block memory bits         ; 0                                           ;
; Total DSP Blocks                ; 0                                           ;
; Total HSSI RX PCSs              ; 0                                           ;
; Total HSSI PMA RX Deserializers ; 0                                           ;
; Total HSSI TX PCSs              ; 0                                           ;
; Total HSSI PMA TX Serializers   ; 0                                           ;
; Total PLLs                      ; 0                                           ;
; Total DLLs                      ; 0                                           ;
+---------------------------------+---------------------------------------------+


+---------------------------------------------------------------------------------------------------------------------------+
; Analysis & Synthesis Settings                                                                                             ;
+---------------------------------------------------------------------------------+--------------------+--------------------+
; Option                                                                          ; Setting            ; Default Value      ;
+---------------------------------------------------------------------------------+--------------------+--------------------+
; Device                                                                          ; 5CEBA4F23C7        ;                    ;
; Top-level entity name                                                           ; morse_fpga         ; mrs                ;
; Family name                                                                     ; Cyclone V          ; Cyclone V          ;
; Use smart compilation                                                           ; Off                ; Off                ;
; Enable parallel Assembler and Timing Analyzer during compilation                ; On                 ; On                 ;
; Enable compact report table                                                     ; Off                ; Off                ;
; Restructure Multiplexers                                                        ; Auto               ; Auto               ;
; MLAB Add Timing Constraints For Mixed-Port Feed-Through Mode Setting Don't Care ; Off                ; Off                ;
; Create Debugging Nodes for IP Cores                                             ; Off                ; Off                ;
; Preserve fewer node names                                                       ; On                 ; On                 ;
; Intel FPGA IP Evaluation Mode                                                   ; Enable             ; Enable             ;
; Verilog Version                                                                 ; Verilog_2001       ; Verilog_2001       ;
; VHDL Version                                                                    ; VHDL_1993          ; VHDL_1993          ;
; State Machine Processing                                                        ; Auto               ; Auto               ;
; Safe State Machine                                                              ; Off                ; Off                ;
; Extract Verilog State Machines                                                  ; On                 ; On                 ;
; Extract VHDL State Machines                                                     ; On                 ; On                 ;
; Ignore Verilog initial constructs                                               ; Off                ; Off                ;
; Iteration limit for constant Verilog loops                                      ; 5000               ; 5000               ;
; Iteration limit for non-constant Verilog loops                                  ; 250                ; 250                ;
; Add Pass-Through Logic to Inferred RAMs                                         ; On                 ; On                 ;
; Infer RAMs from Raw Logic                                                       ; On                 ; On                 ;
; Parallel Synthesis                                                              ; On                 ; On                 ;
; DSP Block Balancing                                                             ; Auto               ; Auto               ;
; NOT Gate Push-Back                                                              ; On                 ; On                 ;
; Power-Up Don't Care                                                             ; On                 ; On                 ;
; Remove Redundant Logic Cells                                                    ; Off                ; Off                ;
; Remove Duplicate Registers                                                      ; On                 ; On                 ;
; Ignore CARRY Buffers                                                            ; Off                ; Off                ;
; Ignore CASCADE Buffers                                                          ; Off                ; Off                ;
; Ignore GLOBAL Buffers                                                           ; Off                ; Off                ;
; Ignore ROW GLOBAL Buffers                                                       ; Off                ; Off                ;
; Ignore LCELL Buffers                                                            ; Off                ; Off                ;
; Ignore SOFT Buffers                                                             ; On                 ; On                 ;
; Limit AHDL Integers to 32 Bits                                                  ; Off                ; Off                ;
; Optimization Technique                                                          ; Balanced           ; Balanced           ;
; Carry Chain Length                                                              ; 70                 ; 70                 ;
; Auto Carry Chains                                                               ; On                 ; On                 ;
; Auto Open-Drain Pins                                                            ; On                 ; On                 ;
; Perform WYSIWYG Primitive Resynthesis                                           ; Off                ; Off                ;
; Auto ROM Replacement                                                            ; On                 ; On                 ;
; Auto RAM Replacement                                                            ; On                 ; On                 ;
; Auto DSP Block Replacement                                                      ; On                 ; On                 ;
; Auto Shift Register Replacement                                                 ; Auto               ; Auto               ;
; Allow Shift Register Merging across Hierarchies                                 ; Auto               ; Auto               ;
; Auto Clock Enable Replacement                                                   ; On                 ; On                 ;
; Strict RAM Replacement                                                          ; Off                ; Off                ;
; Allow Synchronous Control Signals                                               ; On                 ; On                 ;
; Force Use of Synchronous Clear Signals                                          ; Off                ; Off                ;
; Auto Resource Sharing                                                           ; Off                ; Off                ;
; Allow Any RAM Size For Recognition                                              ; Off                ; Off                ;
; Allow Any ROM Size For Recognition                                              ; Off                ; Off                ;
; Allow Any Shift Register Size For Recognition                                   ; Off                ; Off                ;
; Use LogicLock Constraints during Resource Balancing                             ; On                 ; On                 ;
; Ignore translate_off and synthesis_off directives                               ; Off                ; Off                ;
; Timing-Driven Synthesis                                                         ; On                 ; On                 ;
; Report Parameter Settings                                                       ; On                 ; On                 ;
; Report Source Assignments                                                       ; On                 ; On                 ;
; Report Connectivity Checks                                                      ; On                 ; On                 ;
; Ignore Maximum Fan-Out Assignments                                              ; Off                ; Off                ;
; Synchronization Register Chain Length                                           ; 3                  ; 3                  ;
; Power Optimization During Synthesis                                             ; Normal compilation ; Normal compilation ;
; HDL message level                                                               ; Level2             ; Level2             ;
; Suppress Register Optimization Related Messages                                 ; Off                ; Off                ;
; Number of Removed Registers Reported in Synthesis Report                        ; 5000               ; 5000               ;
; Number of Swept Nodes Reported in Synthesis Report                              ; 5000               ; 5000               ;
; Number of Inverted Registers Reported in Synthesis Report                       ; 100                ; 100                ;
; Clock MUX Protection                                                            ; On                 ; On                 ;
; Auto Gated Clock Conversion                                                     ; Off                ; Off                ;
; Block Design Naming                                                             ; Auto               ; Auto               ;
; SDC constraint protection                                                       ; Off                ; Off                ;
; Synthesis Effort                                                                ; Auto               ; Auto               ;
; Shift Register Replacement - Allow Asynchronous Clear Signal                    ; On                 ; On                 ;
; Pre-Mapping Resynthesis Optimization                                            ; Off                ; Off                ;
; Analysis & Synthesis Message Level                                              ; Medium             ; Medium             ;
; Disable Register Merging Across Hierarchies                                     ; Auto               ; Auto               ;
; Resource Aware Inference For Block RAM                                          ; On                 ; On                 ;
; Automatic Parallel Synthesis                                                    ; On                 ; On                 ;
; Partial Reconfiguration Bitstream ID                                            ; Off                ; Off                ;
+---------------------------------------------------------------------------------+--------------------+--------------------+


+------------------------------------------+
; Parallel Compilation                     ;
+----------------------------+-------------+
; Processors                 ; Number      ;
+----------------------------+-------------+
; Number detected on machine ; 4           ;
; Maximum allowed            ; 4           ;
;                            ;             ;
; Average used               ; 1.00        ;
; Maximum used               ; 4           ;
;                            ;             ;
; Usage by Processor         ; % Time Used ;
;     Processor 1            ; 100.0%      ;
;     Processor 2            ;   0.0%      ;
;     Processors 3-4         ;   0.0%      ;
+----------------------------+-------------+


+--------------------------------------------------------------------------------------------------------------------------------------+
; Analysis & Synthesis Source Files Read                                                                                               ;
+----------------------------------+-----------------+-----------------+-----------------------------------------------------+---------+
; File Name with User-Entered Path ; Used in Netlist ; File Type       ; File Name with Absolute Path                        ; Library ;
+----------------------------------+-----------------+-----------------+-----------------------------------------------------+---------+
; shift_symbol.vhd                 ; yes             ; User VHDL File  ; C:/Users/15491959/Desktop/mrs_code/shift_symbol.vhd ;         ;
; register_g.vhd                   ; yes             ; User VHDL File  ; C:/Users/15491959/Desktop/mrs_code/register_g.vhd   ;         ;
; proc_symbol.vhd                  ; yes             ; User VHDL File  ; C:/Users/15491959/Desktop/mrs_code/proc_symbol.vhd  ;         ;
; logic_unit.vhd                   ; yes             ; User VHDL File  ; C:/Users/15491959/Desktop/mrs_code/logic_unit.vhd   ;         ;
; input_unit.vhd                   ; yes             ; User VHDL File  ; C:/Users/15491959/Desktop/mrs_code/input_unit.vhd   ;         ;
; counter.vhd                      ; yes             ; User VHDL File  ; C:/Users/15491959/Desktop/mrs_code/counter.vhd      ;         ;
; morse_fpga.vhd                   ; yes             ; User VHDL File  ; C:/Users/15491959/Desktop/mrs_code/morse_fpga.vhd   ;         ;
+----------------------------------+-----------------+-----------------+-----------------------------------------------------+---------+


+---------------------------------------------------------+
; Analysis & Synthesis Resource Usage Summary             ;
+---------------------------------------------+-----------+
; Resource                                    ; Usage     ;
+---------------------------------------------+-----------+
; Estimate of Logic utilization (ALMs needed) ; 42        ;
;                                             ;           ;
; Combinational ALUT usage for logic          ; 71        ;
;     -- 7 input functions                    ; 1         ;
;     -- 6 input functions                    ; 12        ;
;     -- 5 input functions                    ; 2         ;
;     -- 4 input functions                    ; 11        ;
;     -- <=3 input functions                  ; 45        ;
;                                             ;           ;
; Dedicated logic registers                   ; 41        ;
;                                             ;           ;
; I/O pins                                    ; 7         ;
;                                             ;           ;
; Total DSP Blocks                            ; 0         ;
;                                             ;           ;
; Maximum fan-out node                        ; clk~input ;
; Maximum fan-out                             ; 37        ;
; Total fan-out                               ; 428       ;
; Average fan-out                             ; 3.40      ;
+---------------------------------------------+-----------+


+---------------------------------------------------------------------------------------------------------------------------------------------------------------------------------------------------------------------------------------------------------------------------+
; Analysis & Synthesis Resource Utilization by Entity                                                                                                                                                                                                                       ;
+-----------------------------------------+---------------------+---------------------------+-------------------+------------+------+--------------+------------------------------------------------------------------------------------------+--------------+--------------+
; Compilation Hierarchy Node              ; Combinational ALUTs ; Dedicated Logic Registers ; Block Memory Bits ; DSP Blocks ; Pins ; Virtual Pins ; Full Hierarchy Name                                                                      ; Entity Name  ; Library Name ;
+-----------------------------------------+---------------------+---------------------------+-------------------+------------+------+--------------+------------------------------------------------------------------------------------------+--------------+--------------+
; |morse_fpga                             ; 71 (0)              ; 41 (0)                    ; 0                 ; 0          ; 7    ; 0            ; |morse_fpga                                                                              ; morse_fpga   ; work         ;
;    |input_unit:main_input|              ; 6 (6)               ; 0 (0)                     ; 0                 ; 0          ; 0    ; 0            ; |morse_fpga|input_unit:main_input                                                        ; input_unit   ; work         ;
;    |logic_unit:main_logic|              ; 65 (4)              ; 41 (0)                    ; 0                 ; 0          ; 0    ; 0            ; |morse_fpga|logic_unit:main_logic                                                        ; logic_unit   ; work         ;
;       |counter:control_counter|         ; 4 (4)               ; 4 (4)                     ; 0                 ; 0          ; 0    ; 0            ; |morse_fpga|logic_unit:main_logic|counter:control_counter                                ; counter      ; work         ;
;       |proc_symbol:main_proc|           ; 56 (22)             ; 30 (3)                    ; 0                 ; 0          ; 0    ; 0            ; |morse_fpga|logic_unit:main_logic|proc_symbol:main_proc                                  ; proc_symbol  ; work         ;
;          |counter:sec_counter|          ; 34 (34)             ; 27 (27)                   ; 0                 ; 0          ; 0    ; 0            ; |morse_fpga|logic_unit:main_logic|proc_symbol:main_proc|counter:sec_counter              ; counter      ; work         ;
;       |register_g:curr_proc_state|      ; 0 (0)               ; 1 (1)                     ; 0                 ; 0          ; 0    ; 0            ; |morse_fpga|logic_unit:main_logic|register_g:curr_proc_state                             ; register_g   ; work         ;
;       |register_g:word_size_reg|        ; 0 (0)               ; 3 (3)                     ; 0                 ; 0          ; 0    ; 0            ; |morse_fpga|logic_unit:main_logic|register_g:word_size_reg                               ; register_g   ; work         ;
;       |shift_symbol:shift_word_symbols| ; 1 (1)               ; 3 (0)                     ; 0                 ; 0          ; 0    ; 0            ; |morse_fpga|logic_unit:main_logic|shift_symbol:shift_word_symbols                        ; shift_symbol ; work         ;
;          |register_g:reg_symbols|       ; 0 (0)               ; 3 (3)                     ; 0                 ; 0          ; 0    ; 0            ; |morse_fpga|logic_unit:main_logic|shift_symbol:shift_word_symbols|register_g:reg_symbols ; register_g   ; work         ;
+-----------------------------------------+---------------------+---------------------------+-------------------+------------+------+--------------+------------------------------------------------------------------------------------------+--------------+--------------+
Note: For table entries with two numbers listed, the numbers in parentheses indicate the number of resources of the given type used by the specific entity alone. The numbers listed outside of parentheses indicate the total resources of the given type used by the specific entity and all of its sub-entities in the hierarchy.


+-----------------------------------------------------------------------------------------------------------------+
; User-Specified and Inferred Latches                                                                             ;
+----------------------------------------------------+-----------------------------------+------------------------+
; Latch Name                                         ; Latch Enable Signal               ; Free of Timing Hazards ;
+----------------------------------------------------+-----------------------------------+------------------------+
; logic_unit:main_logic|proc_enable                  ; logic_unit:main_logic|proc_enable ; yes                    ;
; Number of user-specified and inferred latches = 1  ;                                   ;                        ;
+----------------------------------------------------+-----------------------------------+------------------------+
Note: All latches listed above may not be present at the end of synthesis due to various synthesis optimizations.


+-------------------------------------------------------------------------------------------------------------------------------------+
; Registers Removed During Synthesis                                                                                                  ;
+--------------------------------------------------------------------------------------------+----------------------------------------+
; Register name                                                                              ; Reason for Removal                     ;
+--------------------------------------------------------------------------------------------+----------------------------------------+
; logic_unit:main_logic|shift_symbol:shift_word_symbols|register_g:reg_symbols|data_out[3,4] ; Stuck at GND due to stuck port data_in ;
; logic_unit:main_logic|register_g:word_size_reg|data_out[3]                                 ; Stuck at GND due to stuck port data_in ;
; Total Number of Removed Registers = 3                                                      ;                                        ;
+--------------------------------------------------------------------------------------------+----------------------------------------+


+------------------------------------------------------+
; General Register Statistics                          ;
+----------------------------------------------+-------+
; Statistic                                    ; Value ;
+----------------------------------------------+-------+
; Total registers                              ; 41    ;
; Number of registers using Synchronous Clear  ; 27    ;
; Number of registers using Synchronous Load   ; 0     ;
; Number of registers using Asynchronous Clear ; 41    ;
; Number of registers using Asynchronous Load  ; 0     ;
; Number of registers using Clock Enable       ; 35    ;
; Number of registers using Preset             ; 0     ;
+----------------------------------------------+-------+


+---------------------------------------------------------------------+
; Inverted Register Statistics                                        ;
+-----------------------------------------------------------+---------+
; Inverted Register                                         ; Fan out ;
+-----------------------------------------------------------+---------+
; logic_unit:main_logic|proc_symbol:main_proc|reset_counter ; 27      ;
; Total number of inverted registers = 1                    ;         ;
+-----------------------------------------------------------+---------+


+--------------------------------------------------------------------------------------------+
; Parameter Settings for User Entity Instance: logic_unit:main_logic|counter:control_counter ;
+----------------+-------+-------------------------------------------------------------------+
; Parameter Name ; Value ; Type                                                              ;
+----------------+-------+-------------------------------------------------------------------+
; modulo         ; 6     ; Signed Integer                                                    ;
; max            ; 8     ; Signed Integer                                                    ;
; min            ; 0     ; Signed Integer                                                    ;
+----------------+-------+-------------------------------------------------------------------+
Note: In order to hide this table in the UI and the text report file, please set the "Show Parameter Settings in Synthesis Report" option in "Analysis and Synthesis Settings -> More Settings" to "Off".


+-----------------------------------------------------------------------------------------------+
; Parameter Settings for User Entity Instance: logic_unit:main_logic|register_g:curr_proc_state ;
+----------------+-------+----------------------------------------------------------------------+
; Parameter Name ; Value ; Type                                                                 ;
+----------------+-------+----------------------------------------------------------------------+
; qtt_of_bits    ; 1     ; Signed Integer                                                       ;
+----------------+-------+----------------------------------------------------------------------+
Note: In order to hide this table in the UI and the text report file, please set the "Show Parameter Settings in Synthesis Report" option in "Analysis and Synthesis Settings -> More Settings" to "Off".


+---------------------------------------------------------------------------------------------+
; Parameter Settings for User Entity Instance: logic_unit:main_logic|register_g:word_size_reg ;
+----------------+-------+--------------------------------------------------------------------+
; Parameter Name ; Value ; Type                                                               ;
+----------------+-------+--------------------------------------------------------------------+
; qtt_of_bits    ; 4     ; Signed Integer                                                     ;
+----------------+-------+--------------------------------------------------------------------+
Note: In order to hide this table in the UI and the text report file, please set the "Show Parameter Settings in Synthesis Report" option in "Analysis and Synthesis Settings -> More Settings" to "Off".


+---------------------------------------------------------------------------------------------------------------------------+
; Parameter Settings for User Entity Instance: logic_unit:main_logic|shift_symbol:shift_word_symbols|register_g:reg_symbols ;
+----------------+-------+--------------------------------------------------------------------------------------------------+
; Parameter Name ; Value ; Type                                                                                             ;
+----------------+-------+--------------------------------------------------------------------------------------------------+
; qtt_of_bits    ; 5     ; Signed Integer                                                                                   ;
+----------------+-------+--------------------------------------------------------------------------------------------------+
Note: In order to hide this table in the UI and the text report file, please set the "Show Parameter Settings in Synthesis Report" option in "Analysis and Synthesis Settings -> More Settings" to "Off".


+--------------------------------------------------------------------------------------------------------------+
; Parameter Settings for User Entity Instance: logic_unit:main_logic|proc_symbol:main_proc|counter:sec_counter ;
+----------------+----------+----------------------------------------------------------------------------------+
; Parameter Name ; Value    ; Type                                                                             ;
+----------------+----------+----------------------------------------------------------------------------------+
; modulo         ; 80000000 ; Signed Integer                                                                   ;
; max            ; 90000000 ; Signed Integer                                                                   ;
; min            ; 0        ; Signed Integer                                                                   ;
+----------------+----------+----------------------------------------------------------------------------------+
Note: In order to hide this table in the UI and the text report file, please set the "Show Parameter Settings in Synthesis Report" option in "Analysis and Synthesis Settings -> More Settings" to "Off".


+-----------------------------------------------------------------------------------+
; Port Connectivity Checks: "logic_unit:main_logic|shift_symbol:shift_word_symbols" ;
+------------+-------+----------+---------------------------------------------------+
; Port       ; Type  ; Severity ; Details                                           ;
+------------+-------+----------+---------------------------------------------------+
; pos[31..3] ; Input ; Info     ; Stuck at GND                                      ;
+------------+-------+----------+---------------------------------------------------+


+------------------------------------------------------------------------------+
; Port Connectivity Checks: "logic_unit:main_logic|register_g:curr_proc_state" ;
+--------+-------+----------+--------------------------------------------------+
; Port   ; Type  ; Severity ; Details                                          ;
+--------+-------+----------+--------------------------------------------------+
; enable ; Input ; Info     ; Stuck at VCC                                     ;
+--------+-------+----------+--------------------------------------------------+


+----------------------------------------------------------------------------------------------------------------------+
; Port Connectivity Checks: "logic_unit:main_logic|counter:control_counter"                                            ;
+------------+--------+----------+-------------------------------------------------------------------------------------+
; Port       ; Type   ; Severity ; Details                                                                             ;
+------------+--------+----------+-------------------------------------------------------------------------------------+
; enable     ; Input  ; Info     ; Stuck at VCC                                                                        ;
; counter[3] ; Output ; Info     ; Connected to dangling logic. Logic that only feeds a dangling port will be removed. ;
+------------+--------+----------+-------------------------------------------------------------------------------------+


+-----------------------------------------------------+
; Post-Synthesis Netlist Statistics for Top Partition ;
+-----------------------+-----------------------------+
; Type                  ; Count                       ;
+-----------------------+-----------------------------+
; arriav_ff             ; 41                          ;
;     CLR               ; 6                           ;
;     ENA CLR           ; 8                           ;
;     ENA CLR SCLR      ; 27                          ;
; arriav_lcell_comb     ; 71                          ;
;     arith             ; 27                          ;
;         1 data inputs ; 27                          ;
;     extend            ; 1                           ;
;         7 data inputs ; 1                           ;
;     normal            ; 43                          ;
;         1 data inputs ; 1                           ;
;         2 data inputs ; 3                           ;
;         3 data inputs ; 14                          ;
;         4 data inputs ; 11                          ;
;         5 data inputs ; 2                           ;
;         6 data inputs ; 12                          ;
; boundary_port         ; 7                           ;
;                       ;                             ;
; Max LUT depth         ; 4.00                        ;
; Average LUT depth     ; 2.86                        ;
+-----------------------+-----------------------------+


+-------------------------------+
; Elapsed Time Per Partition    ;
+----------------+--------------+
; Partition Name ; Elapsed Time ;
+----------------+--------------+
; Top            ; 00:00:00     ;
+----------------+--------------+


+-------------------------------+
; Analysis & Synthesis Messages ;
+-------------------------------+
Info: *******************************************************************
Info: Running Quartus Prime Analysis & Synthesis
    Info: Version 21.1.0 Build 842 10/21/2021 SJ Lite Edition
    Info: Processing started: Sat Sep 28 11:14:19 2024
Info: Command: quartus_map --read_settings_files=on --write_settings_files=off mrs -c mrs
Warning (18236): Number of processors has not been specified which may cause overloading on shared machines.  Set the global assignment NUM_PARALLEL_PROCESSORS in your QSF to an appropriate value for best performance.
Info (20030): Parallel compilation is enabled and will use 4 of the 4 processors detected
Info (12021): Found 2 design units, including 1 entities, in source file shift_symbol.vhd
    Info (12022): Found design unit 1: shift_symbol-Behaviour File: C:/Users/15491959/Desktop/mrs_code/shift_symbol.vhd Line: 16
    Info (12023): Found entity 1: shift_symbol File: C:/Users/15491959/Desktop/mrs_code/shift_symbol.vhd Line: 5
Info (12021): Found 2 design units, including 1 entities, in source file register_g.vhd
    Info (12022): Found design unit 1: register_g-Behavour File: C:/Users/15491959/Desktop/mrs_code/register_g.vhd Line: 18
    Info (12023): Found entity 1: register_g File: C:/Users/15491959/Desktop/mrs_code/register_g.vhd Line: 5
Info (12021): Found 2 design units, including 1 entities, in source file proc_symbol.vhd
    Info (12022): Found design unit 1: proc_symbol-Behaviour File: C:/Users/15491959/Desktop/mrs_code/proc_symbol.vhd Line: 16
    Info (12023): Found entity 1: proc_symbol File: C:/Users/15491959/Desktop/mrs_code/proc_symbol.vhd Line: 5
Info (12021): Found 2 design units, including 1 entities, in source file logic_unit.vhd
    Info (12022): Found design unit 1: logic_unit-Behaviour File: C:/Users/15491959/Desktop/mrs_code/logic_unit.vhd Line: 16
    Info (12023): Found entity 1: logic_unit File: C:/Users/15491959/Desktop/mrs_code/logic_unit.vhd Line: 5
Info (12021): Found 2 design units, including 1 entities, in source file input_unit.vhd
    Info (12022): Found design unit 1: input_unit-Behaviour File: C:/Users/15491959/Desktop/mrs_code/input_unit.vhd Line: 14
    Info (12023): Found entity 1: input_unit File: C:/Users/15491959/Desktop/mrs_code/input_unit.vhd Line: 5
Info (12021): Found 2 design units, including 1 entities, in source file counter.vhd
    Info (12022): Found design unit 1: counter-Behaviour File: C:/Users/15491959/Desktop/mrs_code/counter.vhd Line: 19
    Info (12023): Found entity 1: counter File: C:/Users/15491959/Desktop/mrs_code/counter.vhd Line: 5
Info (12021): Found 2 design units, including 1 entities, in source file morse_fpga.vhd
    Info (12022): Found design unit 1: morse_fpga-Behaviour File: C:/Users/15491959/Desktop/mrs_code/morse_fpga.vhd Line: 15
    Info (12023): Found entity 1: morse_fpga File: C:/Users/15491959/Desktop/mrs_code/morse_fpga.vhd Line: 5
Info (12127): Elaborating entity "morse_fpga" for the top level hierarchy
Info (12128): Elaborating entity "input_unit" for hierarchy "input_unit:main_input" File: C:/Users/15491959/Desktop/mrs_code/morse_fpga.vhd Line: 40
Info (12128): Elaborating entity "logic_unit" for hierarchy "logic_unit:main_logic" File: C:/Users/15491959/Desktop/mrs_code/morse_fpga.vhd Line: 48
Warning (10492): VHDL Process Statement warning at logic_unit.vhd(139): signal "enable" is read inside the Process Statement but isn't in the Process Statement's sensitivity list File: C:/Users/15491959/Desktop/mrs_code/logic_unit.vhd Line: 139
Warning (10492): VHDL Process Statement warning at logic_unit.vhd(142): signal "size_of_word" is read inside the Process Statement but isn't in the Process Statement's sensitivity list File: C:/Users/15491959/Desktop/mrs_code/logic_unit.vhd Line: 142
Warning (10492): VHDL Process Statement warning at logic_unit.vhd(142): signal "control_counter_number" is read inside the Process Statement but isn't in the Process Statement's sensitivity list File: C:/Users/15491959/Desktop/mrs_code/logic_unit.vhd Line: 142
Warning (10631): VHDL Process Statement warning at logic_unit.vhd(135): inferring latch(es) for signal or variable "proc_enable", which holds its previous value in one or more paths through the process File: C:/Users/15491959/Desktop/mrs_code/logic_unit.vhd Line: 135
Info (10041): Inferred latch for "proc_enable" at logic_unit.vhd(135) File: C:/Users/15491959/Desktop/mrs_code/logic_unit.vhd Line: 135
Info (12128): Elaborating entity "counter" for hierarchy "logic_unit:main_logic|counter:control_counter" File: C:/Users/15491959/Desktop/mrs_code/logic_unit.vhd Line: 78
Info (12128): Elaborating entity "register_g" for hierarchy "logic_unit:main_logic|register_g:curr_proc_state" File: C:/Users/15491959/Desktop/mrs_code/logic_unit.vhd Line: 91
Info (12128): Elaborating entity "register_g" for hierarchy "logic_unit:main_logic|register_g:word_size_reg" File: C:/Users/15491959/Desktop/mrs_code/logic_unit.vhd Line: 103
Info (12128): Elaborating entity "shift_symbol" for hierarchy "logic_unit:main_logic|shift_symbol:shift_word_symbols" File: C:/Users/15491959/Desktop/mrs_code/logic_unit.vhd Line: 115
Info (12128): Elaborating entity "register_g" for hierarchy "logic_unit:main_logic|shift_symbol:shift_word_symbols|register_g:reg_symbols" File: C:/Users/15491959/Desktop/mrs_code/shift_symbol.vhd Line: 33
Info (12128): Elaborating entity "proc_symbol" for hierarchy "logic_unit:main_logic|proc_symbol:main_proc" File: C:/Users/15491959/Desktop/mrs_code/logic_unit.vhd Line: 125
Warning (10492): VHDL Process Statement warning at proc_symbol.vhd(66): signal "enable" is read inside the Process Statement but isn't in the Process Statement's sensitivity list File: C:/Users/15491959/Desktop/mrs_code/proc_symbol.vhd Line: 66
Warning (10492): VHDL Process Statement warning at proc_symbol.vhd(68): signal "enable" is read inside the Process Statement but isn't in the Process Statement's sensitivity list File: C:/Users/15491959/Desktop/mrs_code/proc_symbol.vhd Line: 68
Info (12128): Elaborating entity "counter" for hierarchy "logic_unit:main_logic|proc_symbol:main_proc|counter:sec_counter" File: C:/Users/15491959/Desktop/mrs_code/proc_symbol.vhd Line: 47
Warning (13012): Latch logic_unit:main_logic|proc_enable has unsafe behavior File: C:/Users/15491959/Desktop/mrs_code/logic_unit.vhd Line: 72
    Warning (13013): Ports D and ENA on the latch are fed by the same signal enable File: C:/Users/15491959/Desktop/mrs_code/morse_fpga.vhd Line: 8
Info (286030): Timing-Driven Synthesis is running
Critical Warning (18061): Ignored Power-Up Level option on the following registers
    Critical Warning (18010): Register logic_unit:main_logic|proc_symbol:main_proc|reset_counter will power up to High File: C:/Users/15491959/Desktop/mrs_code/proc_symbol.vhd Line: 44
Info (16010): Generating hard_block partition "hard_block:auto_generated_inst"
    Info (16011): Adding 0 node(s), including 0 DDIO, 0 PLL, 0 transceiver and 0 LCELL
Info (21057): Implemented 80 device resources after synthesis - the final resource count might be different
    Info (21058): Implemented 6 input pins
    Info (21059): Implemented 1 output pins
    Info (21061): Implemented 73 logic cells
Info: Quartus Prime Analysis & Synthesis was successful. 0 errors, 11 warnings
    Info: Peak virtual memory: 4871 megabytes
    Info: Processing ended: Sat Sep 28 11:14:28 2024
    Info: Elapsed time: 00:00:09
    Info: Total CPU time (on all processors): 00:00:18


